
> build
> turbo run build

turbo 2.6.1

• Packages in scope: @itinerary/shared, mobile, temp-app
• Running build in 3 packages
• Remote caching disabled
temp-app:build: cache miss, executing 982ccf24911eca1e
temp-app:build: 
temp-app:build: > temp-app@0.0.0 build
temp-app:build: > next build
temp-app:build: 
temp-app:build:   ▲ Next.js 14.2.33
temp-app:build:   - Environments: .env.local
temp-app:build: 
temp-app:build:    Creating an optimized production build ...
temp-app:build:  ✓ Compiled successfully
temp-app:build:    Linting and checking validity of types ...
temp-app:build:    Collecting page data ...
temp-app:build: Supabase Config: { urlPresent: true, keyPresent: true, url: 'https://zo...' }
temp-app:build: Supabase Config: { urlPresent: true, keyPresent: true, url: 'https://zo...' }
temp-app:build: Supabase Config: { urlPresent: true, keyPresent: true, url: 'https://zo...' }
temp-app:build:    Generating static pages (0/4) ...
temp-app:build:    Generating static pages (1/4) 
temp-app:build:    Generating static pages (2/4) 
temp-app:build: Supabase Config: { urlPresent: true, keyPresent: true, url: 'https://zo...' }
temp-app:build: Supabase Config: { urlPresent: true, keyPresent: true, url: 'https://zo...' }
temp-app:build: Supabase Config: { urlPresent: true, keyPresent: true, url: 'https://zo...' }
temp-app:build: Supabase Config: { urlPresent: true, keyPresent: true, url: 'https://zo...' }
temp-app:build:    Generating static pages (3/4) 
temp-app:build:  ✓ Generating static pages (4/4)
temp-app:build:    Finalizing page optimization ...
temp-app:build:    Collecting build traces ...
temp-app:build: 
temp-app:build: Route (app)                              Size     First Load JS
temp-app:build: ┌ ○ /                                    2.09 kB         165 kB
temp-app:build: ├ ○ /_not-found                          873 B          88.2 kB
temp-app:build: └ ƒ /trip/[id]                           6.67 kB         169 kB
temp-app:build: + First Load JS shared by all            87.3 kB
temp-app:build:   ├ chunks/117-b84526e76638ee0e.js       31.7 kB
temp-app:build:   ├ chunks/fd9d1056-e070525407d48905.js  53.6 kB
temp-app:build:   └ other shared chunks (total)          1.95 kB
temp-app:build: 
temp-app:build: 
temp-app:build: ○  (Static)   prerendered as static content
temp-app:build: ƒ  (Dynamic)  server-rendered on demand
temp-app:build: 

 Tasks:    1 successful, 1 total
Cached:    0 cached, 1 total
  Time:    7.442s 

